2026-02-20T01:44:21Z [INFO] approval token validated for task bd9aa304-876f-4fe2-99cf-980df3c84596
2026-02-20T01:44:22Z [INFO] task bd9aa304-876f-4fe2-99cf-980df3c84596 search completed count=10 elapsed_ms=1287
2026-02-20T01:44:22Z [INFO] task bd9aa304-876f-4fe2-99cf-980df3c84596 completed
2026-02-20T01:44:23Z [INFO] approval token validated for task 25cf5c0a-8799-49c7-98b7-943ac4313a2c
2026-02-20T01:44:23Z [INFO] task 25cf5c0a-8799-49c7-98b7-943ac4313a2c search completed count=10 elapsed_ms=261
2026-02-20T01:44:23Z [INFO] task 25cf5c0a-8799-49c7-98b7-943ac4313a2c completed
2026-02-20T01:44:23Z [INFO] approval token validated for task f03ba66d-e7c8-4e97-ad0c-36ef02dc465e
2026-02-20T01:44:23Z [INFO] approval token validated for task ab932902-701d-47f2-b670-95c177808251
2026-02-20T01:44:23Z [INFO] task ab932902-701d-47f2-b670-95c177808251 file read completed
2026-02-20T01:44:23Z [INFO] task ab932902-701d-47f2-b670-95c177808251 completed
2026-02-20T01:44:27Z [INFO] approval token validated for task 05f075cd-6f84-45c8-a486-e1d90882f5b6
2026-02-20T01:44:37Z [INFO] task 05f075cd-6f84-45c8-a486-e1d90882f5b6 search completed count=10 elapsed_ms=10643
2026-02-20T01:44:37Z [INFO] task 05f075cd-6f84-45c8-a486-e1d90882f5b6 completed
2026-02-20T01:44:48Z [INFO] approval token validated for task 3a20e72d-145e-494b-8242-bad9412a4098
2026-02-20T01:44:48Z [INFO] task 3a20e72d-145e-494b-8242-bad9412a4098 search completed count=10 elapsed_ms=192
2026-02-20T01:44:48Z [INFO] task 3a20e72d-145e-494b-8242-bad9412a4098 completed
2026-02-20T01:44:49Z [INFO] approval token validated for task 577ef49d-8ff5-4ef1-b5ae-12109f801c70
2026-02-20T01:44:49Z [INFO] task 577ef49d-8ff5-4ef1-b5ae-12109f801c70 search completed count=10 elapsed_ms=187
2026-02-20T01:44:49Z [INFO] task 577ef49d-8ff5-4ef1-b5ae-12109f801c70 completed
2026-02-20T01:44:49Z [INFO] approval token validated for task 37fa4197-734d-44b1-948c-58bfa8d963fd
2026-02-20T01:44:49Z [INFO] approval token validated for task 7ae98908-f1a8-40db-9bab-123fb3a865bc
2026-02-20T01:44:49Z [INFO] task 7ae98908-f1a8-40db-9bab-123fb3a865bc file read completed
2026-02-20T01:44:49Z [INFO] task 7ae98908-f1a8-40db-9bab-123fb3a865bc completed
2026-02-20T01:44:53Z [INFO] approval token validated for task b2ef7bea-ecaf-46ac-b9a7-0484bf4a6605
2026-02-20T01:45:00Z [INFO] task b2ef7bea-ecaf-46ac-b9a7-0484bf4a6605 search completed count=10 elapsed_ms=7540
2026-02-20T01:45:00Z [INFO] task b2ef7bea-ecaf-46ac-b9a7-0484bf4a6605 completed
2026-02-20T01:54:19Z [INFO] task f74de6f3-b0c0-445d-9670-8cc3c8f48ace conversation response generated
2026-02-20T01:54:19Z [INFO] task f74de6f3-b0c0-445d-9670-8cc3c8f48ace completed
2026-02-20T01:54:19Z [INFO] task dbe8ce9e-719b-4642-8f1b-72e30865d9ec conversation response generated
2026-02-20T01:54:19Z [INFO] task dbe8ce9e-719b-4642-8f1b-72e30865d9ec completed
2026-02-20T01:54:20Z [INFO] approval token validated for task 51fd2afb-f733-47a7-bf0d-bc8126ede2bb
2026-02-20T01:54:20Z [INFO] task 51fd2afb-f733-47a7-bf0d-bc8126ede2bb search completed count=10 elapsed_ms=206
2026-02-20T01:54:20Z [INFO] task 51fd2afb-f733-47a7-bf0d-bc8126ede2bb completed
2026-02-20T01:54:20Z [INFO] approval token validated for task 89575969-eae7-4c33-a99c-87e2fa295607
2026-02-20T01:54:20Z [INFO] approval token validated for task 5ce13f7e-c109-454a-990d-b4a2130f2750
2026-02-20T01:54:20Z [INFO] task 5ce13f7e-c109-454a-990d-b4a2130f2750 file read completed
2026-02-20T01:54:20Z [INFO] task 5ce13f7e-c109-454a-990d-b4a2130f2750 completed
2026-02-20T01:54:24Z [INFO] approval token validated for task e23abb36-20bb-4adc-bfd0-58debb91efca
2026-02-20T01:54:36Z [INFO] task e23abb36-20bb-4adc-bfd0-58debb91efca search completed count=10 elapsed_ms=12419
2026-02-20T01:54:36Z [INFO] task e23abb36-20bb-4adc-bfd0-58debb91efca completed
2026-02-20T01:54:37Z [INFO] approval token validated for task 614bfc59-01c2-45c7-ab18-0a072b54a983
2026-02-20T01:54:37Z [INFO] approval token validated for task 1cb645a5-0d19-479f-a314-09d82a1f16b8
2026-02-20T01:54:37Z [INFO] shell.exec requested argv=['pwd'] cwd=C:\Users\17868\AppData\Local\Temp\pytest-of-17868\pytest-11\test_shell_token_reuse_returns0
2026-02-20T01:54:37Z [INFO] shell.exec allowed exit_code=0 truncated=False timeout=False
2026-02-20T01:54:37Z [INFO] task 1cb645a5-0d19-479f-a314-09d82a1f16b8 completed
2026-02-20T01:54:37Z [INFO] approval token validated for task ad1ef906-c905-4af0-b712-ac48524f573b
2026-02-20T01:54:38Z [INFO] approval token validated for task 97a7bef7-e6d0-4965-966f-42bb80d36740
2026-02-20T01:54:38Z [INFO] shell.exec requested argv=['python', '--version'] cwd=C:\Users\17868\AppData\Local\Temp\pytest-of-17868\pytest-11\test_shell_allowlist_and_deny_0
2026-02-20T01:54:38Z [INFO] shell.exec allowed exit_code=0 truncated=False timeout=False
2026-02-20T01:54:38Z [INFO] task 97a7bef7-e6d0-4965-966f-42bb80d36740 completed
2026-02-20T01:54:38Z [INFO] approval token validated for task 81b49249-b3ab-46ef-b452-ae780c9903fd
2026-02-20T01:54:38Z [INFO] approval token validated for task ee6a2e90-7784-4dc3-a5a8-5ee06682b253
2026-02-20T01:54:38Z [INFO] approval token validated for task a4c0dfcd-485d-49be-a3a8-b1be1194da95
2026-02-20T01:54:38Z [INFO] approval token validated for task 3368e617-d2e4-4534-84f3-e3483025c37e
2026-02-20T01:54:39Z [INFO] approval token validated for task edc34289-6d4e-477a-b1bf-9a97a982b4b2
2026-02-20T01:54:39Z [INFO] approval token validated for task 075d3141-6e39-414a-85f0-bcbac981e9c0
2026-02-20T01:54:39Z [INFO] approval token validated for task 2ac4b784-b7f9-4476-9a12-ed23204c328a
2026-02-20T01:54:39Z [INFO] shell.exec requested argv=['pwd'] cwd=C:\Users\17868\AppData\Local\Temp\pytest-of-17868\pytest-11\test_internal_commands_work0
2026-02-20T01:54:39Z [INFO] shell.exec allowed exit_code=0 truncated=False timeout=False
2026-02-20T01:54:39Z [INFO] task 2ac4b784-b7f9-4476-9a12-ed23204c328a completed
2026-02-20T01:54:39Z [INFO] approval token validated for task 0384a045-4cda-4737-b9c0-a4785ecbdc5a
2026-02-20T01:54:39Z [INFO] shell.exec requested argv=['ls'] cwd=C:\Users\17868\AppData\Local\Temp\pytest-of-17868\pytest-11\test_internal_commands_work0
2026-02-20T01:54:39Z [INFO] shell.exec allowed exit_code=0 truncated=False timeout=False
2026-02-20T01:54:40Z [INFO] task 0384a045-4cda-4737-b9c0-a4785ecbdc5a completed
2026-02-20T01:54:40Z [INFO] approval token validated for task f05a86b1-a493-4692-84dd-9da31e358937
2026-02-20T01:54:40Z [INFO] shell.exec requested argv=['cat', 'sample.txt'] cwd=C:\Users\17868\AppData\Local\Temp\pytest-of-17868\pytest-11\test_internal_commands_work0
2026-02-20T01:54:40Z [INFO] shell.exec allowed exit_code=0 truncated=False timeout=False
2026-02-20T01:54:40Z [INFO] task f05a86b1-a493-4692-84dd-9da31e358937 completed
2026-02-20T01:54:40Z [INFO] approval token validated for task 9e9bf6a6-9dff-4ca4-8842-6e592e8ccbc9
2026-02-20T01:54:40Z [INFO] shell.exec requested argv=['grep', 'TODO', 'sample.txt'] cwd=C:\Users\17868\AppData\Local\Temp\pytest-of-17868\pytest-11\test_internal_commands_work0
2026-02-20T01:54:40Z [INFO] shell.exec allowed exit_code=0 truncated=False timeout=False
2026-02-20T01:54:40Z [INFO] task 9e9bf6a6-9dff-4ca4-8842-6e592e8ccbc9 completed
2026-02-20T01:54:40Z [INFO] approval token validated for task bfcf8349-338d-4d90-ac17-d888ba08530f
2026-02-20T01:54:40Z [INFO] shell.exec requested argv=['find', '.', '*.txt'] cwd=C:\Users\17868\AppData\Local\Temp\pytest-of-17868\pytest-11\test_internal_commands_work0
2026-02-20T01:54:40Z [INFO] shell.exec allowed exit_code=0 truncated=False timeout=False
2026-02-20T01:54:40Z [INFO] task bfcf8349-338d-4d90-ac17-d888ba08530f completed
2026-02-20T01:54:43Z [INFO] approval token validated for task 7c870be7-7085-4e01-a9e3-ee58278d2570
2026-02-20T01:54:43Z [INFO] shell.exec requested argv=['find', '.', '*.txt'] cwd=C:\Users\17868\AppData\Local\Temp\pytest-of-17868\pytest-11\test_shell_timeout_enforced0
2026-02-20T01:54:43Z [ERROR] task 7c870be7-7085-4e01-a9e3-ee58278d2570 failed: Shell command timed out
2026-02-20T01:54:43Z [INFO] approval token validated for task 5f7cb15f-e29b-4897-beac-51016bcab554
2026-02-20T01:54:43Z [INFO] shell.exec requested argv=['cat', 'large.txt'] cwd=C:\Users\17868\AppData\Local\Temp\pytest-of-17868\pytest-11\test_shell_output_truncation0
2026-02-20T01:54:43Z [INFO] shell.exec allowed exit_code=0 truncated=True timeout=False
2026-02-20T01:54:44Z [INFO] task 5f7cb15f-e29b-4897-beac-51016bcab554 completed
2026-02-20T01:56:27Z [INFO] approval token validated for task 79aef52e-e27f-4eda-88e9-70ca77f5d537
2026-02-20T01:56:28Z [INFO] task 79aef52e-e27f-4eda-88e9-70ca77f5d537 search completed count=10 elapsed_ms=319
2026-02-20T01:56:28Z [INFO] task 79aef52e-e27f-4eda-88e9-70ca77f5d537 completed
2026-02-20T01:56:28Z [INFO] approval token validated for task e2a2854b-823b-47c3-9d20-f88d2f6c49cf
2026-02-20T01:56:28Z [INFO] task e2a2854b-823b-47c3-9d20-f88d2f6c49cf search completed count=10 elapsed_ms=164
2026-02-20T01:56:28Z [INFO] task e2a2854b-823b-47c3-9d20-f88d2f6c49cf completed
2026-02-20T01:56:28Z [INFO] approval token validated for task 63e56c2f-0eb3-4be4-9ea8-10577c10b9e7
2026-02-20T01:56:28Z [INFO] approval token validated for task a2308733-4640-4b29-b91f-cf35c7e07cea
2026-02-20T01:56:28Z [INFO] task a2308733-4640-4b29-b91f-cf35c7e07cea file read completed
2026-02-20T01:56:28Z [INFO] task a2308733-4640-4b29-b91f-cf35c7e07cea completed
2026-02-20T01:56:32Z [INFO] approval token validated for task 9973c3f0-e67e-478e-afc3-71882878639f
2026-02-20T01:56:40Z [INFO] task 9973c3f0-e67e-478e-afc3-71882878639f search completed count=10 elapsed_ms=8067
2026-02-20T01:56:40Z [INFO] task 9973c3f0-e67e-478e-afc3-71882878639f completed
2026-02-20T01:56:40Z [INFO] approval token validated for task c17ead33-7ac5-4ac3-98a5-4aaae17f7c45
2026-02-20T01:56:40Z [INFO] approval token validated for task f27330f5-f935-4ec9-86fd-0bc30f6cf96c
2026-02-20T01:56:40Z [INFO] shell.exec requested argv=['pwd'] cwd=C:\Users\17868\AppData\Local\Temp\pytest-of-17868\pytest-12\test_shell_token_reuse_returns0
2026-02-20T01:56:40Z [INFO] shell.exec allowed exit_code=0 truncated=False timeout=False
2026-02-20T01:56:40Z [INFO] task f27330f5-f935-4ec9-86fd-0bc30f6cf96c completed
2026-02-20T01:56:40Z [INFO] approval token validated for task 5e7f3247-571f-4e38-9616-9b1dc1e9755b
2026-02-20T01:56:40Z [INFO] shell.exec requested argv=['pwd'] cwd=C:\Users\17868\AppData\Local\Temp\pytest-of-17868\pytest-12\test_shell_cwd_scope_enforced0\outside
2026-02-20T01:56:40Z [WARN] shell.exec denied reason=Path is outside configured allowed folders: C:\Users\17868\AppData\Local\Temp\pytest-of-17868\pytest-12\test_shell_cwd_scope_enforced0\outside
2026-02-20T01:56:40Z [INFO] approval token validated for task 2a5deff6-6183-4545-aefa-6a23c91efd2d
2026-02-20T01:56:40Z [INFO] shell.exec requested argv=['python', '--version'] cwd=C:\Users\17868\AppData\Local\Temp\pytest-of-17868\pytest-12\test_shell_allowlist_and_deny_0
2026-02-20T01:56:41Z [INFO] shell.exec allowed exit_code=0 truncated=False timeout=False
2026-02-20T01:56:41Z [INFO] task 2a5deff6-6183-4545-aefa-6a23c91efd2d completed
2026-02-20T01:56:41Z [INFO] approval token validated for task e6891c60-096e-4288-ad0d-4cf498f61f92
2026-02-20T01:56:41Z [INFO] shell.exec requested argv=['git', 'status'] cwd=C:\Users\17868\AppData\Local\Temp\pytest-of-17868\pytest-12\test_shell_allowlist_and_deny_0
2026-02-20T01:56:41Z [INFO] shell.exec completed exit_code=128 truncated=False timeout=False
2026-02-20T01:56:41Z [INFO] task e6891c60-096e-4288-ad0d-4cf498f61f92 completed
2026-02-20T01:56:41Z [INFO] approval token validated for task 5fe6c08a-f5b0-4e9c-9b23-a6c648aa0bb3
2026-02-20T01:56:41Z [INFO] shell.exec requested argv=['git', 'commit'] cwd=C:\Users\17868\AppData\Local\Temp\pytest-of-17868\pytest-12\test_shell_allowlist_and_deny_0
2026-02-20T01:56:41Z [WARN] shell.exec denied reason=Command not allowlisted: git commit
2026-02-20T01:56:41Z [INFO] approval token validated for task 2dd90f3c-d849-4c5e-a1f5-9f0a31c0daf3
2026-02-20T01:56:41Z [INFO] shell.exec requested argv=['python', '-m', 'pip', 'install', 'requests'] cwd=C:\Users\17868\AppData\Local\Temp\pytest-of-17868\pytest-12\test_shell_allowlist_and_deny_0
2026-02-20T01:56:41Z [WARN] shell.exec denied reason=Command not allowlisted: python -m pip install requests
2026-02-20T01:56:41Z [INFO] approval token validated for task 181ee8ee-6565-4962-867f-66fd400bd773
2026-02-20T01:56:41Z [INFO] shell.exec requested argv=['whoami'] cwd=C:\Users\17868\AppData\Local\Temp\pytest-of-17868\pytest-12\test_shell_allowlist_and_deny_0
2026-02-20T01:56:41Z [WARN] shell.exec denied reason=Command not allowlisted: whoami
2026-02-20T01:56:41Z [INFO] approval token validated for task aade9b00-d1fd-4729-804d-3a35552fdae7
2026-02-20T01:56:41Z [INFO] approval token validated for task 535aac97-410c-463d-a49a-e00affb00d2d
2026-02-20T01:56:41Z [INFO] approval token validated for task 7abd4e19-4ad5-4b7b-ac9b-181eb0281021
2026-02-20T01:56:41Z [INFO] approval token validated for task 9a9bf6c6-db43-48ec-aa35-ec9d7acfcc42
2026-02-20T01:56:41Z [INFO] shell.exec requested argv=['pwd'] cwd=C:\Users\17868\AppData\Local\Temp\pytest-of-17868\pytest-12\test_internal_commands_work0
2026-02-20T01:56:41Z [INFO] shell.exec allowed exit_code=0 truncated=False timeout=False
2026-02-20T01:56:41Z [INFO] task 9a9bf6c6-db43-48ec-aa35-ec9d7acfcc42 completed
2026-02-20T01:56:41Z [INFO] approval token validated for task a3a31e4f-4367-4af5-8cf1-f6f08de07d66
2026-02-20T01:56:41Z [INFO] shell.exec requested argv=['ls'] cwd=C:\Users\17868\AppData\Local\Temp\pytest-of-17868\pytest-12\test_internal_commands_work0
2026-02-20T01:56:41Z [INFO] shell.exec allowed exit_code=0 truncated=False timeout=False
2026-02-20T01:56:41Z [INFO] task a3a31e4f-4367-4af5-8cf1-f6f08de07d66 completed
2026-02-20T01:56:41Z [INFO] approval token validated for task 99e85027-269a-4d4c-ad54-db6ccd515600
2026-02-20T01:56:41Z [INFO] shell.exec requested argv=['cat', 'sample.txt'] cwd=C:\Users\17868\AppData\Local\Temp\pytest-of-17868\pytest-12\test_internal_commands_work0
2026-02-20T01:56:41Z [INFO] shell.exec allowed exit_code=0 truncated=False timeout=False
2026-02-20T01:56:41Z [INFO] task 99e85027-269a-4d4c-ad54-db6ccd515600 completed
2026-02-20T01:56:41Z [INFO] approval token validated for task a2a32ac6-4dce-4cdb-91cb-863e5ff1d3ca
2026-02-20T01:56:41Z [INFO] shell.exec requested argv=['grep', 'TODO', 'sample.txt'] cwd=C:\Users\17868\AppData\Local\Temp\pytest-of-17868\pytest-12\test_internal_commands_work0
2026-02-20T01:56:41Z [INFO] shell.exec allowed exit_code=0 truncated=False timeout=False
2026-02-20T01:56:41Z [INFO] task a2a32ac6-4dce-4cdb-91cb-863e5ff1d3ca completed
2026-02-20T01:56:41Z [INFO] approval token validated for task 55ed4576-b60e-4342-a29b-f97433c7f74e
2026-02-20T01:56:41Z [INFO] shell.exec requested argv=['find', '.', '*.txt'] cwd=C:\Users\17868\AppData\Local\Temp\pytest-of-17868\pytest-12\test_internal_commands_work0
2026-02-20T01:56:41Z [INFO] shell.exec allowed exit_code=0 truncated=False timeout=False
2026-02-20T01:56:41Z [INFO] task 55ed4576-b60e-4342-a29b-f97433c7f74e completed
2026-02-20T01:56:43Z [INFO] approval token validated for task 62204f45-018f-4613-b3ad-877097cdd0ca
2026-02-20T01:56:43Z [INFO] shell.exec requested argv=['find', '.', '*.txt'] cwd=C:\Users\17868\AppData\Local\Temp\pytest-of-17868\pytest-12\test_shell_timeout_enforced0
2026-02-20T01:56:43Z [INFO] shell.exec completed exit_code=124 truncated=False timeout=True
2026-02-20T01:56:43Z [WARN] task 62204f45-018f-4613-b3ad-877097cdd0ca timed out
2026-02-20T01:56:43Z [INFO] approval token validated for task aafd9c2e-4ec9-4947-b53b-915f8f3326f2
2026-02-20T01:56:43Z [INFO] shell.exec requested argv=['cat', 'large.txt'] cwd=C:\Users\17868\AppData\Local\Temp\pytest-of-17868\pytest-12\test_shell_output_truncation0
2026-02-20T01:56:43Z [INFO] shell.exec allowed exit_code=0 truncated=True timeout=False
2026-02-20T01:56:43Z [INFO] task aafd9c2e-4ec9-4947-b53b-915f8f3326f2 completed
2026-02-20T02:00:01Z [INFO] approval token validated for task 39efad32-23d3-45aa-a83c-664d3aebfaa5
2026-02-20T02:00:01Z [INFO] task 39efad32-23d3-45aa-a83c-664d3aebfaa5 search completed count=10 elapsed_ms=165
2026-02-20T02:00:01Z [INFO] task 39efad32-23d3-45aa-a83c-664d3aebfaa5 completed
2026-02-20T02:00:01Z [INFO] approval token validated for task c04b6404-4f75-4f27-b0ff-a1b1b4c6549c
2026-02-20T02:00:02Z [INFO] task c04b6404-4f75-4f27-b0ff-a1b1b4c6549c search completed count=10 elapsed_ms=129
2026-02-20T02:00:02Z [INFO] task c04b6404-4f75-4f27-b0ff-a1b1b4c6549c completed
2026-02-20T02:00:02Z [INFO] approval token validated for task 7d1fddff-ee58-4244-90e6-ffe05fd126d5
2026-02-20T02:00:02Z [INFO] approval token validated for task 971d66ec-d36e-4614-a3af-b49f7886605c
2026-02-20T02:00:02Z [INFO] task 971d66ec-d36e-4614-a3af-b49f7886605c file read completed
2026-02-20T02:00:02Z [INFO] task 971d66ec-d36e-4614-a3af-b49f7886605c completed
2026-02-20T02:00:05Z [INFO] approval token validated for task a9f45b4b-f531-4214-82ed-a046d0d6e602
2026-02-20T02:00:12Z [INFO] task a9f45b4b-f531-4214-82ed-a046d0d6e602 search completed count=10 elapsed_ms=7445
2026-02-20T02:00:12Z [INFO] task a9f45b4b-f531-4214-82ed-a046d0d6e602 completed
2026-02-20T02:00:13Z [INFO] approval token validated for task d0c46c7f-c221-4858-b17a-8b20108d587c
2026-02-20T02:00:13Z [INFO] approval token validated for task ea163dfe-4b1d-4661-9aba-0793ac5d8e24
2026-02-20T02:00:13Z [INFO] shell.exec requested argv=['pwd'] cwd=C:\Users\17868\AppData\Local\Temp\pytest-of-17868\pytest-13\test_shell_token_reuse_returns0
2026-02-20T02:00:13Z [INFO] shell.exec allowed exit_code=0 truncated=False timeout=False
2026-02-20T02:00:13Z [INFO] task ea163dfe-4b1d-4661-9aba-0793ac5d8e24 completed
2026-02-20T02:00:13Z [INFO] approval token validated for task e32b131c-90c0-4d5d-9568-7ee32949fc77
2026-02-20T02:00:13Z [INFO] shell.exec requested argv=['pwd'] cwd=C:\Users\17868\AppData\Local\Temp\pytest-of-17868\pytest-13\test_shell_cwd_scope_enforced0\outside
2026-02-20T02:00:13Z [WARN] shell.exec denied reason=Path is outside configured allowed folders: C:\Users\17868\AppData\Local\Temp\pytest-of-17868\pytest-13\test_shell_cwd_scope_enforced0\outside
2026-02-20T02:00:13Z [INFO] approval token validated for task 4fd5405d-c65d-40e0-a6c5-d0a9d1dfd4a5
2026-02-20T02:00:13Z [INFO] shell.exec requested argv=['python', '--version'] cwd=C:\Users\17868\AppData\Local\Temp\pytest-of-17868\pytest-13\test_shell_allowlist_and_deny_0
2026-02-20T02:00:13Z [INFO] shell.exec allowed exit_code=0 truncated=False timeout=False
2026-02-20T02:00:13Z [INFO] task 4fd5405d-c65d-40e0-a6c5-d0a9d1dfd4a5 completed
2026-02-20T02:00:13Z [INFO] approval token validated for task 24ce3e41-48ae-4aa7-8e21-181ac68e5f9b
2026-02-20T02:00:13Z [INFO] shell.exec requested argv=['git', 'status'] cwd=C:\Users\17868\AppData\Local\Temp\pytest-of-17868\pytest-13\test_shell_allowlist_and_deny_0
2026-02-20T02:00:13Z [INFO] shell.exec completed exit_code=128 truncated=False timeout=False
2026-02-20T02:00:13Z [INFO] task 24ce3e41-48ae-4aa7-8e21-181ac68e5f9b completed
2026-02-20T02:00:13Z [INFO] approval token validated for task c245cf16-b4ed-42fd-ad9c-040204336b78
2026-02-20T02:00:13Z [INFO] shell.exec requested argv=['git', 'commit'] cwd=C:\Users\17868\AppData\Local\Temp\pytest-of-17868\pytest-13\test_shell_allowlist_and_deny_0
2026-02-20T02:00:13Z [WARN] shell.exec denied reason=Command not allowlisted: git commit
2026-02-20T02:00:13Z [INFO] approval token validated for task 34523fa8-c218-4c10-ad80-386a402d69b2
2026-02-20T02:00:13Z [INFO] shell.exec requested argv=['python', '-m', 'pip', 'install', 'requests'] cwd=C:\Users\17868\AppData\Local\Temp\pytest-of-17868\pytest-13\test_shell_allowlist_and_deny_0
2026-02-20T02:00:13Z [WARN] shell.exec denied reason=Command not allowlisted: python -m pip install requests
2026-02-20T02:00:13Z [INFO] approval token validated for task ca1e7eee-d684-447d-9ada-27cac39225be
2026-02-20T02:00:13Z [INFO] shell.exec requested argv=['whoami'] cwd=C:\Users\17868\AppData\Local\Temp\pytest-of-17868\pytest-13\test_shell_allowlist_and_deny_0
2026-02-20T02:00:13Z [WARN] shell.exec denied reason=Command not allowlisted: whoami
2026-02-20T02:00:13Z [INFO] approval token validated for task c296b924-9a85-4f45-a373-68aa257bf5c6
2026-02-20T02:00:13Z [INFO] approval token validated for task e6f7d7af-69f7-4a88-bacd-49edf96cacaa
2026-02-20T02:00:13Z [INFO] approval token validated for task 7819b0a6-3380-4f3d-9521-5aa6b06ef74d
2026-02-20T02:00:13Z [INFO] approval token validated for task 4496c9be-43a9-46bf-920d-063acd771b1e
2026-02-20T02:00:13Z [INFO] shell.exec requested argv=['pwd'] cwd=C:\Users\17868\AppData\Local\Temp\pytest-of-17868\pytest-13\test_internal_commands_work0
2026-02-20T02:00:13Z [INFO] shell.exec allowed exit_code=0 truncated=False timeout=False
2026-02-20T02:00:13Z [INFO] task 4496c9be-43a9-46bf-920d-063acd771b1e completed
2026-02-20T02:00:13Z [INFO] approval token validated for task 68a27da2-122b-46c3-99bf-63be586b0a4d
2026-02-20T02:00:13Z [INFO] shell.exec requested argv=['ls'] cwd=C:\Users\17868\AppData\Local\Temp\pytest-of-17868\pytest-13\test_internal_commands_work0
2026-02-20T02:00:13Z [INFO] shell.exec allowed exit_code=0 truncated=False timeout=False
2026-02-20T02:00:13Z [INFO] task 68a27da2-122b-46c3-99bf-63be586b0a4d completed
2026-02-20T02:00:13Z [INFO] approval token validated for task b11ccbfc-fb0c-497d-ba73-45015b900739
2026-02-20T02:00:13Z [INFO] shell.exec requested argv=['cat', 'sample.txt'] cwd=C:\Users\17868\AppData\Local\Temp\pytest-of-17868\pytest-13\test_internal_commands_work0
2026-02-20T02:00:13Z [INFO] shell.exec allowed exit_code=0 truncated=False timeout=False
2026-02-20T02:00:13Z [INFO] task b11ccbfc-fb0c-497d-ba73-45015b900739 completed
2026-02-20T02:00:13Z [INFO] approval token validated for task 4403b314-cc11-44dc-a590-ece7b40ed75a
2026-02-20T02:00:13Z [INFO] shell.exec requested argv=['grep', 'TODO', 'sample.txt'] cwd=C:\Users\17868\AppData\Local\Temp\pytest-of-17868\pytest-13\test_internal_commands_work0
2026-02-20T02:00:13Z [INFO] shell.exec allowed exit_code=0 truncated=False timeout=False
2026-02-20T02:00:13Z [INFO] task 4403b314-cc11-44dc-a590-ece7b40ed75a completed
2026-02-20T02:00:13Z [INFO] approval token validated for task 242c5741-77e6-4270-9060-3a5d3bfb98ea
2026-02-20T02:00:13Z [INFO] shell.exec requested argv=['find', '.', '*.txt'] cwd=C:\Users\17868\AppData\Local\Temp\pytest-of-17868\pytest-13\test_internal_commands_work0
2026-02-20T02:00:13Z [INFO] shell.exec allowed exit_code=0 truncated=False timeout=False
2026-02-20T02:00:13Z [INFO] task 242c5741-77e6-4270-9060-3a5d3bfb98ea completed
2026-02-20T02:00:15Z [INFO] approval token validated for task a3ecb943-87d1-4bd3-b871-57fd9c4ba53d
2026-02-20T02:00:15Z [INFO] shell.exec requested argv=['find', '.', '*.txt'] cwd=C:\Users\17868\AppData\Local\Temp\pytest-of-17868\pytest-13\test_shell_timeout_enforced0
2026-02-20T02:00:15Z [INFO] shell.exec completed exit_code=124 truncated=False timeout=True
2026-02-20T02:00:15Z [WARN] task a3ecb943-87d1-4bd3-b871-57fd9c4ba53d timed out
2026-02-20T02:00:15Z [INFO] approval token validated for task 22d01fa7-06a8-46e9-b239-a178102368b1
2026-02-20T02:00:15Z [INFO] shell.exec requested argv=['cat', 'large.txt'] cwd=C:\Users\17868\AppData\Local\Temp\pytest-of-17868\pytest-13\test_shell_output_truncation0
2026-02-20T02:00:15Z [INFO] shell.exec allowed exit_code=0 truncated=True timeout=False
2026-02-20T02:00:15Z [INFO] task 22d01fa7-06a8-46e9-b239-a178102368b1 completed
2026-02-20T02:02:42Z [INFO] approval token validated for task a414174a-21db-4e1c-8cf2-5344fa44adc2
2026-02-20T02:02:42Z [INFO] task a414174a-21db-4e1c-8cf2-5344fa44adc2 search completed count=10 elapsed_ms=176
2026-02-20T02:02:42Z [INFO] task a414174a-21db-4e1c-8cf2-5344fa44adc2 completed
2026-02-20T02:02:43Z [INFO] approval token validated for task 440d2d4d-e7f1-4daf-9c94-e79481a2980b
2026-02-20T02:02:43Z [INFO] task 440d2d4d-e7f1-4daf-9c94-e79481a2980b search completed count=10 elapsed_ms=178
2026-02-20T02:02:43Z [INFO] task 440d2d4d-e7f1-4daf-9c94-e79481a2980b completed
2026-02-20T02:02:43Z [INFO] approval token validated for task 96a5ca29-554b-4bb7-b4f7-bb7b9b166001
2026-02-20T02:02:43Z [INFO] approval token validated for task fe924cc8-f4cb-478a-a023-8120bcc9e357
2026-02-20T02:02:43Z [INFO] task fe924cc8-f4cb-478a-a023-8120bcc9e357 file read completed
2026-02-20T02:02:43Z [INFO] task fe924cc8-f4cb-478a-a023-8120bcc9e357 completed
2026-02-20T02:02:47Z [INFO] approval token validated for task e7adf619-3783-483f-aa7a-9b70cd6280cd
2026-02-20T02:02:54Z [INFO] task e7adf619-3783-483f-aa7a-9b70cd6280cd search completed count=10 elapsed_ms=7815
2026-02-20T02:02:54Z [INFO] task e7adf619-3783-483f-aa7a-9b70cd6280cd completed
2026-02-20T02:02:55Z [INFO] approval token validated for task 158c4cec-6b7b-4b18-be12-c538c106f45e
2026-02-20T02:02:55Z [INFO] approval token validated for task 646774e0-102d-4806-b598-c56e3c6b0672
2026-02-20T02:02:55Z [INFO] shell.exec requested argv=['pwd'] cwd=C:\Users\17868\AppData\Local\Temp\pytest-of-17868\pytest-14\test_shell_token_reuse_returns0
2026-02-20T02:02:55Z [INFO] shell.exec allowed exit_code=0 truncated=False timeout=False
2026-02-20T02:02:55Z [INFO] task 646774e0-102d-4806-b598-c56e3c6b0672 completed
2026-02-20T02:02:55Z [INFO] approval token validated for task 6d3b8029-4c96-4205-9d92-e22529f88f57
2026-02-20T02:02:55Z [INFO] shell.exec requested argv=['pwd'] cwd=C:\Users\17868\AppData\Local\Temp\pytest-of-17868\pytest-14\test_shell_cwd_scope_enforced0\outside
2026-02-20T02:02:55Z [WARN] shell.exec denied reason=Path is outside configured allowed folders: C:\Users\17868\AppData\Local\Temp\pytest-of-17868\pytest-14\test_shell_cwd_scope_enforced0\outside
2026-02-20T02:02:55Z [INFO] approval token validated for task 9d90c3ef-27c4-4fc4-8ee2-8256bc4258d3
2026-02-20T02:02:55Z [INFO] shell.exec requested argv=['python', '--version'] cwd=C:\Users\17868\AppData\Local\Temp\pytest-of-17868\pytest-14\test_shell_allowlist_and_deny_0
2026-02-20T02:02:55Z [INFO] shell.exec allowed exit_code=0 truncated=False timeout=False
2026-02-20T02:02:55Z [INFO] task 9d90c3ef-27c4-4fc4-8ee2-8256bc4258d3 completed
2026-02-20T02:02:55Z [INFO] approval token validated for task 36d8c456-93af-4b41-882f-b356b7b8eac3
2026-02-20T02:02:55Z [INFO] shell.exec requested argv=['git', 'status'] cwd=C:\Users\17868\AppData\Local\Temp\pytest-of-17868\pytest-14\test_shell_allowlist_and_deny_0
2026-02-20T02:02:55Z [INFO] shell.exec completed exit_code=128 truncated=False timeout=False
2026-02-20T02:02:55Z [INFO] task 36d8c456-93af-4b41-882f-b356b7b8eac3 completed
2026-02-20T02:02:55Z [INFO] approval token validated for task 98e703e8-87b4-4d67-a616-6d33b00e3850
2026-02-20T02:02:55Z [INFO] shell.exec requested argv=['git', 'commit'] cwd=C:\Users\17868\AppData\Local\Temp\pytest-of-17868\pytest-14\test_shell_allowlist_and_deny_0
2026-02-20T02:02:55Z [WARN] shell.exec denied reason=Command not allowlisted: git commit
2026-02-20T02:02:55Z [INFO] approval token validated for task 536fbb61-17e9-4661-9ee8-dc6df0689a7b
2026-02-20T02:02:55Z [INFO] shell.exec requested argv=['python', '-m', 'pip', 'install', 'requests'] cwd=C:\Users\17868\AppData\Local\Temp\pytest-of-17868\pytest-14\test_shell_allowlist_and_deny_0
2026-02-20T02:02:55Z [WARN] shell.exec denied reason=Command not allowlisted: python -m pip install requests
2026-02-20T02:02:55Z [INFO] approval token validated for task e8111e92-8b26-499d-978c-32df58a1ab59
2026-02-20T02:02:55Z [INFO] shell.exec requested argv=['whoami'] cwd=C:\Users\17868\AppData\Local\Temp\pytest-of-17868\pytest-14\test_shell_allowlist_and_deny_0
2026-02-20T02:02:55Z [WARN] shell.exec denied reason=Command not allowlisted: whoami
2026-02-20T02:02:55Z [INFO] approval token validated for task 8189f657-b635-422a-b755-d37953060d00
2026-02-20T02:02:55Z [INFO] approval token validated for task 40a438a6-cac1-4d27-ab99-840f93acf977
2026-02-20T02:02:55Z [INFO] approval token validated for task b64ba3f2-c9cf-413d-b3b4-81316f020771
2026-02-20T02:02:55Z [INFO] approval token validated for task f02b80c5-11fa-4af7-a90d-fee81bf5fc9b
2026-02-20T02:02:55Z [INFO] shell.exec requested argv=['pwd'] cwd=C:\Users\17868\AppData\Local\Temp\pytest-of-17868\pytest-14\test_internal_commands_work0
2026-02-20T02:02:55Z [INFO] shell.exec allowed exit_code=0 truncated=False timeout=False
2026-02-20T02:02:55Z [INFO] task f02b80c5-11fa-4af7-a90d-fee81bf5fc9b completed
2026-02-20T02:02:55Z [INFO] approval token validated for task 94bb6742-3ca0-4595-9bd6-bb068c4cfb89
2026-02-20T02:02:55Z [INFO] shell.exec requested argv=['ls'] cwd=C:\Users\17868\AppData\Local\Temp\pytest-of-17868\pytest-14\test_internal_commands_work0
2026-02-20T02:02:55Z [INFO] shell.exec allowed exit_code=0 truncated=False timeout=False
2026-02-20T02:02:55Z [INFO] task 94bb6742-3ca0-4595-9bd6-bb068c4cfb89 completed
2026-02-20T02:02:55Z [INFO] approval token validated for task 7a4dc7b1-ad33-4e69-bc19-3fd0dd2fe4b5
2026-02-20T02:02:55Z [INFO] shell.exec requested argv=['cat', 'sample.txt'] cwd=C:\Users\17868\AppData\Local\Temp\pytest-of-17868\pytest-14\test_internal_commands_work0
2026-02-20T02:02:55Z [INFO] shell.exec allowed exit_code=0 truncated=False timeout=False
2026-02-20T02:02:55Z [INFO] task 7a4dc7b1-ad33-4e69-bc19-3fd0dd2fe4b5 completed
2026-02-20T02:02:55Z [INFO] approval token validated for task 7b4e6ada-7285-4839-8ade-7b1a0ded025b
2026-02-20T02:02:55Z [INFO] shell.exec requested argv=['grep', 'TODO', 'sample.txt'] cwd=C:\Users\17868\AppData\Local\Temp\pytest-of-17868\pytest-14\test_internal_commands_work0
2026-02-20T02:02:55Z [INFO] shell.exec allowed exit_code=0 truncated=False timeout=False
2026-02-20T02:02:56Z [INFO] task 7b4e6ada-7285-4839-8ade-7b1a0ded025b completed
2026-02-20T02:02:56Z [INFO] approval token validated for task 780e0447-e0d2-474d-8168-893dcf2f35c4
2026-02-20T02:02:56Z [INFO] shell.exec requested argv=['find', '.', '*.txt'] cwd=C:\Users\17868\AppData\Local\Temp\pytest-of-17868\pytest-14\test_internal_commands_work0
2026-02-20T02:02:56Z [INFO] shell.exec allowed exit_code=0 truncated=False timeout=False
2026-02-20T02:02:56Z [INFO] task 780e0447-e0d2-474d-8168-893dcf2f35c4 completed
2026-02-20T02:02:57Z [INFO] approval token validated for task 2d567ef0-28ec-423d-89c8-df8b55a5398b
2026-02-20T02:02:57Z [INFO] shell.exec requested argv=['find', '.', '*.txt'] cwd=C:\Users\17868\AppData\Local\Temp\pytest-of-17868\pytest-14\test_shell_timeout_enforced0
2026-02-20T02:02:57Z [INFO] shell.exec completed exit_code=124 truncated=False timeout=True
2026-02-20T02:02:57Z [WARN] task 2d567ef0-28ec-423d-89c8-df8b55a5398b timed out
2026-02-20T02:02:57Z [INFO] approval token validated for task e8755027-226b-4031-a207-9f38ec278a6c
2026-02-20T02:02:57Z [INFO] shell.exec requested argv=['cat', 'large.txt'] cwd=C:\Users\17868\AppData\Local\Temp\pytest-of-17868\pytest-14\test_shell_output_truncation0
2026-02-20T02:02:57Z [INFO] shell.exec allowed exit_code=0 truncated=True timeout=False
2026-02-20T02:02:57Z [INFO] task e8755027-226b-4031-a207-9f38ec278a6c completed
